[debug] [2025-05-21T05:34:03.941Z] ----------------------------------------------------------------------
[debug] [2025-05-21T05:34:03.943Z] Command:       /home/gitpod/.nvm/versions/node/v22.13.1/bin/node /home/gitpod/.nvm/versions/node/v22.13.1/bin/firebase login
[debug] [2025-05-21T05:34:03.943Z] CLI Version:   14.4.0
[debug] [2025-05-21T05:34:03.944Z] Platform:      linux
[debug] [2025-05-21T05:34:03.944Z] Node Version:  v22.13.1
[debug] [2025-05-21T05:34:03.944Z] Time:          Wed May 21 2025 05:34:03 GMT+0000 (Coordinated Universal Time)
[debug] [2025-05-21T05:34:03.944Z] ----------------------------------------------------------------------
[debug] 
[info] i  Firebase optionally collects CLI and Emulator Suite usage and error reporting information to help improve our products. Data is collected in accordance with Google's privacy policy (https://policies.google.com/privacy) and is not used to identify you.
 
[info] i  To change your data collection preference at any time, run `firebase logout` and log in again. 
[info] 
[info] Visit this URL on this device to log in:
[info] https://accounts.google.com/o/oauth2/auth?client_id=563584335869-fgrhgmd47bqnekij5i8b5pr03ho849e6.apps.googleusercontent.com&scope=email%20openid%20https%3A%2F%2Fwww.googleapis.com%2Fauth%2Fcloudplatformprojects.readonly%20https%3A%2F%2Fwww.googleapis.com%2Fauth%2Ffirebase%20https%3A%2F%2Fwww.googleapis.com%2Fauth%2Fcloud-platform&response_type=code&state=255246478&redirect_uri=http%3A%2F%2Flocalhost%3A9005
[info] 
[info] Waiting for authentication...
[debug] [2025-05-21T05:34:24.065Z] >>> [apiv2][query] POST https://auth.firebase.tools/attest [none]
[debug] [2025-05-21T05:34:24.066Z] >>> [apiv2][body] POST https://auth.firebase.tools/attest {"session_id":"26e13c07-2ec9-4524-ba16-7dbdcde0394a"}
[debug] [2025-05-21T05:34:24.473Z] <<< [apiv2][status] POST https://auth.firebase.tools/attest 200
[debug] [2025-05-21T05:34:24.473Z] <<< [apiv2][body] POST https://auth.firebase.tools/attest {"token":"MrQiGPiL9QxMOquvBmvwtfavSnjsoC5gcLu7vdn0uDk"}
[info] 
[info] To sign in to the Firebase CLI:
[info] 
[info] 1. Take note of your session ID:
[info] 
[info]    26E13
[info] 
[info] 2. Visit the URL below on any device and follow the instructions to get your code:
[info] 
[info]    https://auth.firebase.tools/login?code_challenge=zRUqyDtOLr3gDhLp1q7-iYuE-OJ2v7WJJ55hDpGuL8Q&session=26e13c07-2ec9-4524-ba16-7dbdcde0394a&attest=MrQiGPiL9QxMOquvBmvwtfavSnjsoC5gcLu7vdn0uDk
[info] 
[info] 3. Paste or enter the authorization code below once you have it:
[info] 
[debug] [2025-05-21T05:35:34.153Z] ----------------------------------------------------------------------
[debug] [2025-05-21T05:35:34.155Z] Command:       /home/gitpod/.nvm/versions/node/v22.13.1/bin/node /home/gitpod/.nvm/versions/node/v22.13.1/bin/firebase login
[debug] [2025-05-21T05:35:34.156Z] CLI Version:   14.4.0
[debug] [2025-05-21T05:35:34.156Z] Platform:      linux
[debug] [2025-05-21T05:35:34.156Z] Node Version:  v22.13.1
[debug] [2025-05-21T05:35:34.156Z] Time:          Wed May 21 2025 05:35:34 GMT+0000 (Coordinated Universal Time)
[debug] [2025-05-21T05:35:34.157Z] ----------------------------------------------------------------------
[debug] 
[info] i  Firebase optionally collects CLI and Emulator Suite usage and error reporting information to help improve our products. Data is collected in accordance with Google's privacy policy (https://policies.google.com/privacy) and is not used to identify you.
 
[info] i  To change your data collection preference at any time, run `firebase logout` and log in again. 
[info] 
[info] Visit this URL on this device to log in:
[info] https://accounts.google.com/o/oauth2/auth?client_id=563584335869-fgrhgmd47bqnekij5i8b5pr03ho849e6.apps.googleusercontent.com&scope=email%20openid%20https%3A%2F%2Fwww.googleapis.com%2Fauth%2Fcloudplatformprojects.readonly%20https%3A%2F%2Fwww.googleapis.com%2Fauth%2Ffirebase%20https%3A%2F%2Fwww.googleapis.com%2Fauth%2Fcloud-platform&response_type=code&state=637326322&redirect_uri=http%3A%2F%2Flocalhost%3A9005
[info] 
[info] Waiting for authentication...
[debug] [2025-05-21T05:35:41.107Z] >>> [apiv2][query] POST https://auth.firebase.tools/attest [none]
[debug] [2025-05-21T05:35:41.108Z] >>> [apiv2][body] POST https://auth.firebase.tools/attest {"session_id":"bf677fc6-b05f-4ab6-abd7-14893d37afd7"}
[debug] [2025-05-21T05:35:41.391Z] <<< [apiv2][status] POST https://auth.firebase.tools/attest 200
[debug] [2025-05-21T05:35:41.391Z] <<< [apiv2][body] POST https://auth.firebase.tools/attest {"token":"RklY1ntNb953N6LSV0J83xPFxNxXQijCeC1adf4_PuQ"}
[info] 
[info] To sign in to the Firebase CLI:
[info] 
[info] 1. Take note of your session ID:
[info] 
[info]    BF677
[info] 
[info] 2. Visit the URL below on any device and follow the instructions to get your code:
[info] 
[info]    https://auth.firebase.tools/login?code_challenge=IcLwfswbQ_z6zQ-q2y10YzQQec6xXIFFCDJY3wsDD28&session=bf677fc6-b05f-4ab6-abd7-14893d37afd7&attest=RklY1ntNb953N6LSV0J83xPFxNxXQijCeC1adf4_PuQ
[info] 
[info] 3. Paste or enter the authorization code below once you have it:
[info] 
[debug] [2025-06-03T07:16:25.200Z] ----------------------------------------------------------------------
[debug] [2025-06-03T07:16:25.206Z] Command:       /nix/store/rbdrkcs5kkwpalxcd7c6bnm33lk2955n-nodejs-20.19.0/bin/node /nix/store/nh3zwzkz6wh6qa7bd2ywzr7irjij7j1i-firebase-tools-14.3.1/lib/node_modules/firebase-tools/lib/bin/firebase.js login --no-localhost
[debug] [2025-06-03T07:16:25.207Z] CLI Version:   14.3.1
[debug] [2025-06-03T07:16:25.207Z] Platform:      linux
[debug] [2025-06-03T07:16:25.208Z] Node Version:  v20.19.0
[debug] [2025-06-03T07:16:25.208Z] Time:          Tue Jun 03 2025 07:16:25 GMT+0000 (Coordinated Universal Time)
[debug] [2025-06-03T07:16:25.208Z] ----------------------------------------------------------------------
[debug] 
[debug] [2025-06-03T07:16:25.212Z] >>> [apiv2][query] GET https://firebase-public.firebaseio.com/cli.json [none]
[info] i  Firebase optionally collects CLI and Emulator Suite usage and error reporting information to help improve our products. Data is collected in accordance with Google's privacy policy (https://policies.google.com/privacy) and is not used to identify you.
 
[debug] [2025-06-03T07:16:25.647Z] <<< [apiv2][status] GET https://firebase-public.firebaseio.com/cli.json 200
[debug] [2025-06-03T07:16:25.648Z] <<< [apiv2][body] GET https://firebase-public.firebaseio.com/cli.json {"cloudBuildErrorAfter":1594252800000,"cloudBuildWarnAfter":1590019200000,"defaultNode10After":1594252800000,"minVersion":"3.0.5","node8DeploysDisabledAfter":1613390400000,"node8RuntimeDisabledAfter":1615809600000,"node8WarnAfter":1600128000000}
[info] i  To change your data collection preference at any time, run `firebase logout` and log in again. 
[debug] [2025-06-03T07:16:35.633Z] >>> [apiv2][query] POST https://auth.firebase.tools/attest [none]
[debug] [2025-06-03T07:16:35.633Z] >>> [apiv2][body] POST https://auth.firebase.tools/attest {"session_id":"e5f2441a-e9f2-44f8-8036-c97812820456"}
[debug] [2025-06-03T07:16:35.947Z] <<< [apiv2][status] POST https://auth.firebase.tools/attest 200
[debug] [2025-06-03T07:16:35.947Z] <<< [apiv2][body] POST https://auth.firebase.tools/attest {"token":"3b96bfclucQ8PdY9NZITqR9DtY1uzd3qgXQwlQeLnbc"}
[info] 
[info] To sign in to the Firebase CLI:
[info] 
[info] 1. Take note of your session ID:
[info] 
[info]    E5F24
[info] 
[info] 2. Visit the URL below on any device and follow the instructions to get your code:
[info] 
[info]    https://auth.firebase.tools/login?code_challenge=X7J3H9Gk3AAGHalGLak6_7LPEZ0h53SUZofV6PAoojg&session=e5f2441a-e9f2-44f8-8036-c97812820456&attest=3b96bfclucQ8PdY9NZITqR9DtY1uzd3qgXQwlQeLnbc
[info] 
[info] 3. Paste or enter the authorization code below once you have it:
[info] 
